name: train
run_id: install_deps
env COMSPEC: C:\windows\system32\cmd.exe
env NUMBER_OF_PROCESSORS: 8
env PATHEXT: .COM;.EXE;.BAT;.CMD;.VBS;.VBE;.JS;.JSE;.WSF;.WSH;.MSC;.CPL
env PROCESSOR_ARCHITECTURE: AMD64
env PROGRAMDATA: C:\ProgramData
env PROGRAMFILES: C:\Program Files
env PROGRAMFILES(X86): C:\Program Files (x86)
env SYSTEMDRIVE: C:
env SYSTEMROOT: C:\windows
env TEMP: C:\Users\Yogita\AppData\Local\Temp
env TMP: C:\Users\Yogita\AppData\Local\Temp
env USERPROFILE: C:\Users\Yogita
env LANG: en_US.UTF-8
env PATH: C:\Users\Yogita\Documents\test\Session_3_ML_Pipeline\titanic-assignment\Assignment-2\.tox\test_package\Scripts;C:\windows\system32;C:\windows;C:\windows\System32\Wbem;C:\windows\System32\WindowsPowerShell\v1.0\;C:\windows\System32\OpenSSH\;C:\Program Files\Docker\Docker\resources\bin;C:\ProgramData\DockerDesktop\version-bin;C:\Program Files\Git\cmd;C:\Users\Yogita\scoop\shims;C:\Users\Yogita\AppData\Local\Programs\Python\Python311\Scripts\;C:\Users\Yogita\AppData\Local\Programs\Python\Python311\;C:\Users\Yogita\AppData\Local\Microsoft\WindowsApps;C:\Users\Yogita\AppData\Local\Programs\Microsoft VS Code\bin;
env PIP_DISABLE_PIP_VERSION_CHECK: 1
env PYTHONIOENCODING: utf-8
env PYTHONPATH: .
env PYTHONHASHSEED: 0
env TOX_ENV_NAME: train
env TOX_WORK_DIR: C:\Users\Yogita\Documents\test\Session_3_ML_Pipeline\titanic-assignment\Assignment-2\.tox
env TOX_ENV_DIR: C:\Users\Yogita\Documents\test\Session_3_ML_Pipeline\titanic-assignment\Assignment-2\.tox\test_package
env VIRTUAL_ENV: C:\Users\Yogita\Documents\test\Session_3_ML_Pipeline\titanic-assignment\Assignment-2\.tox\test_package
env COLUMNS: 135
env LINES: 15
metadata pid: 11172
cwd: C:\Users\Yogita\Documents\test\Session_3_ML_Pipeline\titanic-assignment\Assignment-2
allow: C:\Users\Yogita\Documents\test\Session_3_ML_Pipeline\titanic-assignment\Assignment-2\.tox\test_package\Scripts\*
cmd: pip install -r C:\Users\Yogita\Documents\test\Session_3_ML_Pipeline\titanic-assignment\Assignment-2/requirements/test_requirements.txt
exit_code: 0
Collecting numpy<2.0.0,>=1.21.0
  Using cached numpy-1.24.2-cp311-cp311-win_amd64.whl (14.8 MB)
Collecting pandas<2.0.0,>=1.3.5
  Using cached pandas-1.5.3-cp311-cp311-win_amd64.whl (10.3 MB)
Collecting pydantic<2.0.0,>=1.8.1
  Downloading pydantic-1.10.5-cp311-cp311-win_amd64.whl (2.1 MB)
     ---------------------------------------- 2.1/2.1 MB 9.5 MB/s eta 0:00:00
Collecting scikit-learn<2.0.0,>=1.1.3
  Using cached scikit_learn-1.2.1-cp311-cp311-win_amd64.whl (8.2 MB)
Collecting strictyaml<2.0.0,>=1.3.2
  Using cached strictyaml-1.6.2.tar.gz (130 kB)
  Preparing metadata (setup.py): started
  Preparing metadata (setup.py): finished with status 'done'
Collecting ruamel.yaml<1.0.0,>=0.16.12
  Using cached ruamel.yaml-0.17.21-py3-none-any.whl (109 kB)
Collecting feature-engine<2.0.0,>=1.0.2
  Using cached feature_engine-1.5.2-py2.py3-none-any.whl (290 kB)
Collecting joblib<2.0.0,>=1.0.1
  Using cached joblib-1.2.0-py3-none-any.whl (297 kB)
Collecting pytest<8.0.0,>=7.2.0
  Using cached pytest-7.2.1-py3-none-any.whl (317 kB)
Collecting python-dateutil>=2.8.1
  Using cached python_dateutil-2.8.2-py2.py3-none-any.whl (247 kB)
Collecting pytz>=2020.1
  Using cached pytz-2022.7.1-py2.py3-none-any.whl (499 kB)
Collecting typing-extensions>=4.2.0
  Using cached typing_extensions-4.5.0-py3-none-any.whl (27 kB)
Collecting scipy>=1.3.2
  Using cached scipy-1.10.1-cp311-cp311-win_amd64.whl (42.2 MB)
Collecting threadpoolctl>=2.0.0
  Using cached threadpoolctl-3.1.0-py3-none-any.whl (14 kB)
Collecting statsmodels>=0.11.1
  Downloading statsmodels-0.13.5-cp311-cp311-win_amd64.whl (9.0 MB)
     ---------------------------------------- 9.0/9.0 MB 22.1 MB/s eta 0:00:00
Collecting attrs>=19.2.0
  Using cached attrs-22.2.0-py3-none-any.whl (60 kB)
Collecting iniconfig
  Using cached iniconfig-2.0.0-py3-none-any.whl (5.9 kB)
Collecting packaging
  Using cached packaging-23.0-py3-none-any.whl (42 kB)
Collecting pluggy<2.0,>=0.12
  Using cached pluggy-1.0.0-py2.py3-none-any.whl (13 kB)
Collecting colorama
  Using cached colorama-0.4.6-py2.py3-none-any.whl (25 kB)
Collecting six>=1.5
  Using cached six-1.16.0-py2.py3-none-any.whl (11 kB)
Collecting patsy>=0.5.2
  Using cached patsy-0.5.3-py2.py3-none-any.whl (233 kB)
Building wheels for collected packages: strictyaml
  Building wheel for strictyaml (setup.py): started
  Building wheel for strictyaml (setup.py): finished with status 'done'
  Created wheel for strictyaml: filename=strictyaml-1.6.2-py3-none-any.whl size=123964 sha256=0ff541cf2157a5002b3bbac8c810ae654df3f0c34425cd366433697a58eabe54
  Stored in directory: c:\users\yogita\appdata\local\pip\cache\wheels\98\f6\5e\fea68ffcc71cdd716bea0ef008089fc89f59e66c14ce29f44d
Successfully built strictyaml
Installing collected packages: pytz, typing-extensions, threadpoolctl, six, ruamel.yaml, pluggy, packaging, numpy, joblib, iniconfig, colorama, attrs, scipy, python-dateutil, pytest, pydantic, patsy, strictyaml, scikit-learn, pandas, statsmodels, feature-engine
Successfully installed attrs-22.2.0 colorama-0.4.6 feature-engine-1.5.2 iniconfig-2.0.0 joblib-1.2.0 numpy-1.24.2 packaging-23.0 pandas-1.5.3 patsy-0.5.3 pluggy-1.0.0 pydantic-1.10.5 pytest-7.2.1 python-dateutil-2.8.2 pytz-2022.7.1 ruamel.yaml-0.17.21 scikit-learn-1.2.1 scipy-1.10.1 six-1.16.0 statsmodels-0.13.5 strictyaml-1.6.2 threadpoolctl-3.1.0 typing-extensions-4.5.0
